<?xml version="1.0" encoding="UTF-8"?>
<!-- Generated by org.testng.reporters.JUnitXMLReporter -->
<testsuite ignored="0" hostname="Amolkh" failures="0" tests="2" name="Test" time="0.131" errors="0" timestamp="2022-04-09T17:48:12 IST">
  <testcase classname="testClasses.Test1$AddNewAddress" name="@BeforeClass beforClass" time="-1.64950669206E9">
    <failure type="org.testng.TestNGException" message="
Parameter &amp;apos;browser&amp;apos; is required by BeforeClass on method beforClass but has not been marked @Optional or defined
in C:\Users\Admin\eclipse-workspace\FlipkartProjectId\testng.xml">
      <![CDATA[org.testng.TestNGException: 
Parameter 'browser' is required by BeforeClass on method beforClass but has not been marked @Optional or defined
in C:\Users\Admin\eclipse-workspace\FlipkartProjectId\testng.xml
at java.base/java.util.ArrayList.forEach(ArrayList.java:1511)
at java.base/java.util.concurrent.FutureTask.run(FutureTask.java:264)
at java.base/java.util.concurrent.ThreadPoolExecutor.runWorker(ThreadPoolExecutor.java:1136)
at java.base/java.util.concurrent.ThreadPoolExecutor$Worker.run(ThreadPoolExecutor.java:635)
at java.base/java.lang.Thread.run(Thread.java:833)
... Removed 13 stack frames]]>
    </failure>
  </testcase> <!-- @BeforeClass beforClass -->
  <testcase classname="testClasses.Test1$AddNewAddress" name="@BeforeMethod beforeMethod" time="-1.649506692118E9">
    <skipped/>
  </testcase> <!-- @BeforeMethod beforeMethod -->
  <testcase classname="testClasses.Test1$AddNewAddress" name="@AfterMethod afterMethod" time="-1.649506692134E9">
    <skipped/>
  </testcase> <!-- @AfterMethod afterMethod -->
  <testcase classname="testClasses.Test1$AddNewAddress" name="@AfterClass afterClass" time="-1.649506692152E9">
    <skipped/>
  </testcase> <!-- @AfterClass afterClass -->
  <testcase classname="testClasses.Test1$AddNewAddress" name="verifyUserCanLogin" time="0.0">
    <skipped/>
  </testcase> <!-- verifyUserCanLogin -->
  <testcase classname="testClasses.Test1$AddNewAddress" name="verifyUserCanAddNewAddress" time="0.0">
    <skipped/>
  </testcase> <!-- verifyUserCanAddNewAddress -->
</testsuite> <!-- Test -->
