<?xml version="1.0" encoding="UTF-8"?>
<!-- Generated by org.testng.reporters.JUnitReportReporter -->
<testsuite hostname="Amolkh" failures="0" tests="3" name="testClasses.Test1$AddNewAddress" time="-1649506688.000" errors="1" timestamp="2022-04-09T17:48:12 IST" skipped="2">
  <testcase classname="testClasses.Test1$AddNewAddress" name="beforClass" time="-1649506688.000">
    <error message="
Parameter &#039;browser&#039; is required by BeforeClass on method beforClass but has not been marked @Optional or defined
in C:\Users\Admin\eclipse-workspace\FlipkartProjectId\testng.xml" type="org.testng.TestNGException">
      <![CDATA[org.testng.TestNGException: 
Parameter 'browser' is required by BeforeClass on method beforClass but has not been marked @Optional or defined
in C:\Users\Admin\eclipse-workspace\FlipkartProjectId\testng.xml
at org.testng.internal.Parameters.createParams(Parameters.java:270)
at org.testng.internal.Parameters.createParametersForMethod(Parameters.java:358)
at org.testng.internal.Parameters.createParameters(Parameters.java:700)
at org.testng.internal.Parameters.createConfigurationParameters(Parameters.java:168)
at org.testng.internal.ConfigInvoker.invokeConfigurations(ConfigInvoker.java:302)
at org.testng.internal.TestMethodWorker.invokeBeforeClassMethods(TestMethodWorker.java:176)
at org.testng.internal.TestMethodWorker.run(TestMethodWorker.java:122)
at java.base/java.util.ArrayList.forEach(ArrayList.java:1511)
at org.testng.TestRunner.privateRun(TestRunner.java:794)
at org.testng.TestRunner.run(TestRunner.java:596)
at org.testng.SuiteRunner.runTest(SuiteRunner.java:377)
at org.testng.SuiteRunner.access$000(SuiteRunner.java:28)
at org.testng.SuiteRunner$SuiteWorker.run(SuiteRunner.java:418)
at org.testng.internal.thread.ThreadUtil.lambda$execute$0(ThreadUtil.java:64)
at java.base/java.util.concurrent.FutureTask.run(FutureTask.java:264)
at java.base/java.util.concurrent.ThreadPoolExecutor.runWorker(ThreadPoolExecutor.java:1136)
at java.base/java.util.concurrent.ThreadPoolExecutor$Worker.run(ThreadPoolExecutor.java:635)
at java.base/java.lang.Thread.run(Thread.java:833)
]]>
    </error>
  </testcase> <!-- beforClass -->
  <system-out/>
  <testcase classname="testClasses.Test1$AddNewAddress" name="verifyUserCanLogin" time="0.000">
    <skipped/>
  </testcase> <!-- verifyUserCanLogin -->
  <system-out/>
  <testcase classname="testClasses.Test1$AddNewAddress" name="verifyUserCanAddNewAddress" time="0.000">
    <skipped/>
  </testcase> <!-- verifyUserCanAddNewAddress -->
  <system-out/>
</testsuite> <!-- testClasses.Test1$AddNewAddress -->
